<?xml version="1.0" encoding="UTF-8"?>
<!-- Generated by org.testng.reporters.JUnitReportReporter -->
<testsuite hostname="dharampal-PC" failures="0" tests="2" name="seleniumautomation.seleniumwithmavenTest" time="8.470" errors="0" timestamp="2020-04-05T14:44:36 IST" skipped="0">
  <testcase classname="seleniumautomation.seleniumwithmavenTest" name="testingMaven" time="8.467"/>
  <testcase classname="seleniumautomation.seleniumwithmavenTest" name="testingMaven1" time="0.003"/>
</testsuite> <!-- seleniumautomation.seleniumwithmavenTest -->
