<?xml version="1.0" encoding="UTF-8"?>
<!-- Generated by org.testng.reporters.JUnitReportReporter -->
<testsuite hostname="dharampal-PC" failures="0" tests="2" name="seleniumautomation.selenium1Test" time="0.000" errors="0" timestamp="05 Apr 2020 10:01:14 GMT" skipped="0">
  <testcase classname="seleniumautomation.selenium1Test" name="TestCase2" time="0.000"/>
  <testcase classname="seleniumautomation.selenium1Test" name="TestCase1" time="0.000"/>
</testsuite> <!-- seleniumautomation.selenium1Test -->
