<?xml version="1.0" encoding="UTF-8"?>
<!-- Generated by org.testng.reporters.JUnitReportReporter -->
<testsuite hostname="dharampal-PC" failures="0" tests="2" name="seleniumautomation.seleniumwithmavenTest" time="8.585" errors="0" timestamp="05 Apr 2020 10:01:14 GMT" skipped="0">
  <testcase classname="seleniumautomation.seleniumwithmavenTest" name="testingMaven" time="8.584"/>
  <testcase classname="seleniumautomation.seleniumwithmavenTest" name="testingMaven1" time="0.001"/>
</testsuite> <!-- seleniumautomation.seleniumwithmavenTest -->
